<?xml version="1.0" encoding="UTF-8"?>
<!-- Generated by org.testng.reporters.JUnitXMLReporter -->
<testsuite ignored="1" hostname="Minels-Laptop.lan" failures="0" tests="7" name="Test" time="0.073" errors="0" timestamp="2024-09-02T20:46:58 EDT">
  <testcase classname="com.neotech.lesson02.EnableAndDisable" name="thirdTest" time="0.014"/>
  <testcase classname="com.neotech.lesson02.EnableAndDisable" name="firstTest" time="0.001"/>
  <testcase classname="com.neotech.lesson02.EnableAndDisable" name="fourthTest" time="0.002"/>
  <testcase classname="com.neotech.lesson02.PriorityDemo" name="thirdTest" time="0.001"/>
  <testcase classname="com.neotech.lesson02.PriorityDemo" name="firstTest" time="0.001"/>
  <testcase classname="com.neotech.lesson02.PriorityDemo" name="secondTest" time="0.001"/>
  <testcase classname="com.neotech.lesson02.PriorityDemo" name="fourthTest" time="0.012"/>
  <testcase classname="com.neotech.lesson02.EnableAndDisable" name="secondTest" time="0.0">
    <ignored/>
  </testcase> <!-- secondTest -->
</testsuite> <!-- Test -->
